#
# There is insufficient memory for the Java Runtime Environment to continue.
# Native memory allocation (mmap) failed to map 134217728 bytes. Error detail: G1 virtual space
# Possible reasons:
#   The system is out of physical RAM or swap space
#   This process is running with CompressedOops enabled, and the Java Heap may be blocking the growth of the native heap
# Possible solutions:
#   Reduce memory load on the system
#   Increase physical memory or swap space
#   Check if swap backing store is full
#   Decrease Java heap size (-Xmx/-Xms)
#   Decrease number of Java threads
#   Decrease Java thread stack sizes (-Xss)
#   Set larger code cache with -XX:ReservedCodeCacheSize=
#   JVM is running with Unscaled Compressed Oops mode in which the Java heap is
#     placed in the first 4GB address space. The Java Heap base address is the
#     maximum limit for the native heap growth. Please use -XX:HeapBaseMinAddress
#     to set the Java Heap base and to place the Java Heap above 4GB virtual address.
# This output file may be truncated or incomplete.
#
#  Out of Memory Error (os_windows.cpp:3703), pid=9704, tid=8628
#
# JRE version:  (23.0+37) (build )
# Java VM: Java HotSpot(TM) 64-Bit Server VM (23+37-2369, mixed mode, sharing, tiered, compressed oops, compressed class ptrs, g1 gc, windows-amd64)
# No core dump will be written. Minidumps are not enabled by default on client versions of Windows
#

---------------  S U M M A R Y ------------

Command Line: -javaagent:D:\ngoding adam\Java\IntelliJ IDEA 2024.2.3\lib\idea_rt.jar=50595:D:\ngoding adam\Java\IntelliJ IDEA 2024.2.3\bin -Dfile.encoding=UTF-8 -Dsun.stdout.encoding=UTF-8 -Dsun.stderr.encoding=UTF-8 soalNo5

Host: Intel(R) Core(TM) i5-8250U CPU @ 1.60GHz, 8 cores, 7G,  Windows 10 , 64 bit Build 19041 (10.0.19041.4957)
Time: Mon Oct 28 04:41:25 2024 SE Asia Standard Time elapsed time: 0.026360 seconds (0d 0h 0m 0s)

---------------  T H R E A D  ---------------

Current thread (0x0000022b99a40df0):  JavaThread "Unknown thread" [_thread_in_vm, id=8628, stack(0x000000b056400000,0x000000b056500000) (1024K)]

Stack: [0x000000b056400000,0x000000b056500000]
Native frames: (J=compiled Java code, j=interpreted, Vv=VM code, C=native code)
V  [jvm.dll+0x6e08a9]  (no source info available)
V  [jvm.dll+0x87da63]  (no source info available)
V  [jvm.dll+0x87feee]  (no source info available)
V  [jvm.dll+0x8805c3]  (no source info available)
V  [jvm.dll+0x27aee6]  (no source info available)
V  [jvm.dll+0x6dd1b5]  (no source info available)
V  [jvm.dll+0x6d103a]  (no source info available)
V  [jvm.dll+0x35b3ea]  (no source info available)
V  [jvm.dll+0x3637f6]  (no source info available)
V  [jvm.dll+0x34fd5e]  (no source info available)
V  [jvm.dll+0x34fff8]  (no source info available)
V  [jvm.dll+0x3289cc]  (no source info available)
V  [jvm.dll+0x32966e]  (no source info available)
V  [jvm.dll+0x8442e5]  (no source info available)
V  [jvm.dll+0x3b9848]  (no source info available)
V  [jvm.dll+0x82d0dc]  (no source info available)
V  [jvm.dll+0x454d4e]  (no source info available)
V  [jvm.dll+0x456bd1]  (no source info available)
C  [jli.dll+0x52a3]  (no source info available)
C  [ucrtbase.dll+0x21bb2]  (no source info available)
C  [KERNEL32.DLL+0x17374]  (no source info available)
C  [ntdll.dll+0x4cc91]  (no source info available)

Lock stack of current Java thread (top to bottom):


---------------  P R O C E S S  ---------------

Threads class SMR info:
_java_thread_list=0x00007ffd99673618, length=0, elements={
}

Java Threads: ( => current thread )
Total: 0

Other Threads:
  0x0000022b9be56a70 WorkerThread "GC Thread#0"                     [id=7784, stack(0x000000b056500000,0x000000b056600000) (1024K)]
  0x0000022b9be6c7d0 ConcurrentGCThread "G1 Main Marker"            [id=2732, stack(0x000000b056600000,0x000000b056700000) (1024K)]
  0x0000022b9be6da80 WorkerThread "G1 Conc#0"                       [id=1204, stack(0x000000b056700000,0x000000b056800000) (1024K)]

[error occurred during error reporting (printing all threads), id 0xc0000005, EXCEPTION_ACCESS_VIOLATION (0xc0000005) at pc=0x00007ffd98dbbfba]
VM state: not at safepoint (not fully initialized)

VM Mutex/Monitor currently owned by a thread:  ([mutex/lock_event])
[0x00007ffd996f3a10] Heap_lock - owner thread: 0x0000022b99a40df0

Heap address: 0x0000000081e00000, size: 2018 MB, Compressed Oops mode: 32-bit

CDS archive(s) mapped at: [0x0000000000000000-0x0000000000000000-0x0000000000000000), size 0, SharedBaseAddress: 0x0000000800000000, ArchiveRelocationMode: 1.
Narrow klass base: 0x0000000000000000, Narrow klass shift: 0, Narrow klass range: 0x0

GC Precious Log:
 CardTable entry size: 512
 Card Set container configuration: InlinePtr #cards 5 size 8 Array Of Cards #cards 10 size 36 Howl #buckets 4 coarsen threshold 1843 Howl Bitmap #cards 512 size 80 coarsen threshold 460 Card regions per heap region 1 cards per card region 2048

Heap:
 garbage-first heap   total reserved 2066432K, committed 0K, used 0K [0x0000000081e00000, 0x0000000100000000)
  region size 1024K, 0 young (0K), 0 survivors (0K)

[error occurred during error reporting (printing heap information), id 0xc0000005, EXCEPTION_ACCESS_VIOLATION (0xc0000005) at pc=0x00007ffd991bc3b9]
GC Heap History (0 events):
No events

Dll operation events (1 events):
Event: 0.014 Loaded shared library D:\ngoding\bin\java.dll

Deoptimization events (0 events):
No events

Classes loaded (0 events):
No events

Classes unloaded (0 events):
No events

Classes redefined (0 events):
No events

Internal exceptions (0 events):
No events

VM Operations (0 events):
No events

Memory protections (0 events):
No events

Nmethod flushes (0 events):
No events

Events (0 events):
No events


Dynamic libraries:
0x00007ff74d1c0000 - 0x00007ff74d1d0000 	D:\ngoding\bin\java.exe
0x00007ffdd8e50000 - 0x00007ffdd9048000 	C:\Windows\SYSTEM32\ntdll.dll
0x00007ffdd6f30000 - 0x00007ffdd6ff2000 	C:\Windows\System32\KERNEL32.DLL
0x00007ffdd6580000 - 0x00007ffdd687e000 	C:\Windows\System32\KERNELBASE.dll
0x00007ffdd6d70000 - 0x00007ffdd6e70000 	C:\Windows\System32\ucrtbase.dll
0x00007ffdd3670000 - 0x00007ffdd3687000 	D:\ngoding\bin\jli.dll
0x00007ffdcf8f0000 - 0x00007ffdcf90b000 	D:\ngoding\bin\VCRUNTIME140.dll
0x00007ffdd7dc0000 - 0x00007ffdd7f5d000 	C:\Windows\System32\USER32.dll
0x00007ffdd6d40000 - 0x00007ffdd6d62000 	C:\Windows\System32\win32u.dll
0x00007ffdc2f60000 - 0x00007ffdc31fa000 	C:\Windows\WinSxS\amd64_microsoft.windows.common-controls_6595b64144ccf1df_6.0.19041.4355_none_60b8b9eb71f62e16\COMCTL32.dll
0x00007ffdd7d20000 - 0x00007ffdd7d4b000 	C:\Windows\System32\GDI32.dll
0x00007ffdd7c80000 - 0x00007ffdd7d1e000 	C:\Windows\System32\msvcrt.dll
0x00007ffdd69a0000 - 0x00007ffdd6ab7000 	C:\Windows\System32\gdi32full.dll
0x00007ffdd68b0000 - 0x00007ffdd694d000 	C:\Windows\System32\msvcp_win.dll
0x00007ffdd7000000 - 0x00007ffdd702f000 	C:\Windows\System32\IMM32.DLL
0x00007ffdd3640000 - 0x00007ffdd364c000 	D:\ngoding\bin\vcruntime140_1.dll
0x00007ffdc1a10000 - 0x00007ffdc1a9e000 	D:\ngoding\bin\msvcp140.dll
0x00007ffd98a80000 - 0x00007ffd997cf000 	D:\ngoding\bin\server\jvm.dll
0x00007ffdd6e70000 - 0x00007ffdd6f22000 	C:\Windows\System32\ADVAPI32.dll
0x00007ffdd8b20000 - 0x00007ffdd8bc0000 	C:\Windows\System32\sechost.dll
0x00007ffdd8c80000 - 0x00007ffdd8da3000 	C:\Windows\System32\RPCRT4.dll
0x00007ffdd6880000 - 0x00007ffdd68a7000 	C:\Windows\System32\bcrypt.dll
0x00007ffdd7330000 - 0x00007ffdd739b000 	C:\Windows\System32\WS2_32.dll
0x00007ffdd5a40000 - 0x00007ffdd5a8b000 	C:\Windows\SYSTEM32\POWRPROF.dll
0x00007ffdc47b0000 - 0x00007ffdc47d7000 	C:\Windows\SYSTEM32\WINMM.dll
0x00007ffdcd840000 - 0x00007ffdcd84a000 	C:\Windows\SYSTEM32\VERSION.dll
0x00007ffdd58b0000 - 0x00007ffdd58c2000 	C:\Windows\SYSTEM32\UMPDC.dll
0x00007ffdd4330000 - 0x00007ffdd4342000 	C:\Windows\SYSTEM32\kernel.appcore.dll
0x00007ffdcf8e0000 - 0x00007ffdcf8ea000 	D:\ngoding\bin\jimage.dll
0x00007ffdc3200000 - 0x00007ffdc33e4000 	C:\Windows\SYSTEM32\DBGHELP.DLL
0x00007ffdb0830000 - 0x00007ffdb0864000 	C:\Windows\SYSTEM32\dbgcore.DLL
0x00007ffdd64f0000 - 0x00007ffdd6572000 	C:\Windows\System32\bcryptPrimitives.dll
0x00007ffdcf8d0000 - 0x00007ffdcf8df000 	D:\ngoding\bin\instrument.dll
0x00007ffdc19f0000 - 0x00007ffdc1a0e000 	D:\ngoding\bin\java.dll
0x00007ffdd79a0000 - 0x00007ffdd7acb000 	C:\Windows\System32\ole32.dll
0x00007ffdd86f0000 - 0x00007ffdd8a43000 	C:\Windows\System32\combase.dll
0x00007ffdd7f60000 - 0x00007ffdd86cf000 	C:\Windows\System32\SHELL32.dll

dbghelp: loaded successfully - version: 4.0.5 - missing functions: none
symbol engine: initialized successfully - sym options: 0x614 - pdb path: .;D:\ngoding\bin;C:\Windows\SYSTEM32;C:\Windows\WinSxS\amd64_microsoft.windows.common-controls_6595b64144ccf1df_6.0.19041.4355_none_60b8b9eb71f62e16;D:\ngoding\bin\server

VM Arguments:
jvm_args: -javaagent:D:\ngoding adam\Java\IntelliJ IDEA 2024.2.3\lib\idea_rt.jar=50595:D:\ngoding adam\Java\IntelliJ IDEA 2024.2.3\bin -Dfile.encoding=UTF-8 -Dsun.stdout.encoding=UTF-8 -Dsun.stderr.encoding=UTF-8 
java_command: soalNo5
java_class_path (initial): D:\ngoding\Java\percobaan\Pertemuan2_07720\out\production\Pertemuan2_07720
Launcher Type: SUN_STANDARD

[Global flags]
     intx CICompilerCount                          = 4                                         {product} {ergonomic}
     uint ConcGCThreads                            = 2                                         {product} {ergonomic}
     uint G1ConcRefinementThreads                  = 8                                         {product} {ergonomic}
   size_t G1HeapRegionSize                         = 1048576                                   {product} {ergonomic}
   size_t InitialHeapSize                          = 134217728                                 {product} {ergonomic}
   size_t MarkStackSize                            = 4194304                                   {product} {ergonomic}
   size_t MarkStackSizeMax                         = 536870912                                 {product} {ergonomic}
   size_t MaxHeapSize                              = 2116026368                                {product} {ergonomic}
   size_t MinHeapDeltaBytes                        = 1048576                                   {product} {ergonomic}
   size_t MinHeapSize                              = 8388608                                   {product} {ergonomic}
    uintx NonNMethodCodeHeapSize                   = 5832704                                {pd product} {ergonomic}
    uintx NonProfiledCodeHeapSize                  = 122945536                              {pd product} {ergonomic}
    uintx ProfiledCodeHeapSize                     = 122880000                              {pd product} {ergonomic}
    uintx ReservedCodeCacheSize                    = 251658240                              {pd product} {ergonomic}
     bool SegmentedCodeCache                       = true                                      {product} {ergonomic}
   size_t SoftMaxHeapSize                          = 2116026368                             {manageable} {ergonomic}
     bool UseCompressedOops                        = true                           {product lp64_product} {ergonomic}
     bool UseG1GC                                  = true                                      {product} {ergonomic}
     bool UseLargePagesIndividualAllocation        = false                                  {pd product} {ergonomic}

Logging:
Log output configuration:
 #0: stdout all=warning uptime,level,tags foldmultilines=false
 #1: stderr all=off uptime,level,tags foldmultilines=false

Environment Variables:
PATH=C:\Program Files\Common Files\Oracle\Java\javapath;C:\Program Files\NVIDIA GPU Computing Toolkit\CUDA\v12.6\bin;C:\Program Files\NVIDIA GPU Computing Toolkit\CUDA\v12.6\libnvvp;C:\Program Files (x86)\Common Files\Oracle\Java\java8path;C:\Program Files (x86)\Common Files\Oracle\Java\javapath;C:\Program Files (x86)\VMware\VMware Player\bin\;C:\Windows\system32;C:\Windows;C:\Windows\System32\Wbem;C:\Windows\System32\WindowsPowerShell\v1.0\;C:\Windows\System32\OpenSSH\;C:\ProgramData\chocolatey\bin;C:\Program Files (x86)\NVIDIA Corporation\PhysX\Common;C:\Program Files\Cloudflare\Cloudflare WARP\;C:\Users\Hafidz\Documents\CobaC++\Microsoft VS Code;C:\Users\Hafidz\Documents\goland\bin;C:\Program Files\NVIDIA Corporation\Nsight Compute 2024.3.0\;C:\Program Files\NVIDIA Corporation\NVIDIA NvDLISR;C:\Program Files\PowerShell\7\;C:\Program Files\Git\cmd;D:\ngoding\python\;D:\ngoding\python\;C:\Users\Hafidz\AppData\Local\Microsoft\WindowsApps;C:\Users\Hafidz\Documents\CLION\CLion\bin;;"D:\ngoding\Microsoft VS Code\bin;C:\Users\Hafidz\Desktop\C++\.vscode\MinGW\bin";C:\Users\Hafidz\Desktop\C++\.vscode\MinGW\bin;C:\Users\Hafidz\go\bin;C:\Users\Hafidz\.vscode\Microsoft VS Code\bin
USERNAME=Hafidz
OS=Windows_NT
PROCESSOR_IDENTIFIER=Intel64 Family 6 Model 142 Stepping 10, GenuineIntel
TMP=C:\Users\Hafidz\AppData\Local\Temp
TEMP=C:\Users\Hafidz\AppData\Local\Temp




Periodic native trim disabled

---------------  S Y S T E M  ---------------

OS:
 Windows 10 , 64 bit Build 19041 (10.0.19041.4957)
OS uptime: 0 days 0:39 hours
Hyper-V role detected

CPU: total 8 (initial active 8) (4 cores per cpu, 2 threads per core) family 6 model 142 stepping 10 microcode 0xb4, cx8, cmov, fxsr, ht, mmx, 3dnowpref, sse, sse2, sse3, ssse3, sse4.1, sse4.2, popcnt, lzcnt, tsc, tscinvbit, avx, avx2, aes, erms, clmul, bmi1, bmi2, adx, fma, vzeroupper, clflush, clflushopt, hv, rdtscp, f16c
Processor Information for the first 8 processors :
  Max Mhz: 1800, Current Mhz: 1600, Mhz Limit: 1584

Memory: 4k page, system-wide physical 8069M (488M free)
TotalPageFile size 8069M (AvailPageFile size 122M)
current process WorkingSet (physical memory assigned to process): 11M, peak: 11M
current process commit charge ("private bytes"): 60M, peak: 188M

vm_info: Java HotSpot(TM) 64-Bit Server VM (23+37-2369) for windows-amd64 JRE (23+37-2369), built on 2024-08-20T16:01:23Z with MS VC++ 17.6 (VS2022)

END.
